23:38:14 [ERR][      Workbench]: Console redirection failed.
23:38:14 [INF][      Workbench]: Starting up Workbench
23:38:14 [INF][      Workbench]: Current environment:
	Command line: "C:\Program Files\MySQL\MySQL Workbench 8.0\MySQLWorkbench.exe" 
	CurrentDirectory: C:\Program Files\MySQL\MySQL Workbench 8.0
	HasShutdownStarted: False
	OSVersion: Microsoft Windows NT 6.2.9200.0
	SystemDirectory: C:\WINDOWS\system32
	TickCount: 4430890
	UserInteractive: True
	Version: 4.0.30319.42000
	WorkingSet: 42790912
23:38:14 [INF][      Workbench]: Environment variables:
	SystemDrive = C:
	ProgramFiles(x86) = C:\Program Files (x86)
	Path = C:\Program Files (x86)\NVIDIA Corporation\PhysX\Common;C:\Program Files (x86)\Common Files\Oracle\Java\javapath;C:\Windows\system32;C:\Windows;C:\Windows\System32\Wbem;C:\Windows\System32\WindowsPowerShell\v1.0\;C:\Windows\System32\OpenSSH\;C:\Program Files\NVIDIA Corporation\NVIDIA NvDLISR;C:\Program Files\Microsoft SQL Server\Client SDK\ODBC\110\Tools\Binn\;C:\Program Files (x86)\Microsoft SQL Server\120\Tools\Binn\;C:\Program Files\Microsoft SQL Server\120\Tools\Binn\;C:\Program Files\Microsoft SQL Server\120\DTS\Binn\;C:\Program Files (x86)\Windows Kits\8.1\Windows Performance Toolkit\;C:\Program Files\Microsoft\Web Platform Installer\;C:\Program Files (x86)\Microsoft ASP.NET\ASP.NET Web Pages\v1.0\;C:\Program Files (x86)\Windows Kits\8.0\Windows Performance Toolkit\;C:\Program Files\Microsoft SQL Server\110\Tools\Binn\;C:\WINDOWS\system32;C:\WINDOWS;C:\WINDOWS\System32\Wbem;C:\WINDOWS\System32\WindowsPowerShell\v1.0\;C:\WINDOWS\System32\OpenSSH\;C:\Program Files\dotnet\;C:\Program Files\Microsoft SQL Server\150\Tools\Binn\;C:\Program Files\Microsoft SQL Server\Client SDK\ODBC\170\Tools\Binn\;C:\Program Files (x86)\Microsoft SQL Server\160\Tools\Binn\;C:\Program Files\Microsoft SQL Server\160\Tools\Binn\;C:\Program Files\Microsoft SQL Server\160\DTS\Binn\;C:\Program Files (x86)\Microsoft SQL Server\160\DTS\Binn\;C:\Program Files\Azure Data Studio\bin;E:\Git\cmd;C:\Program Files\MySQL\MySQL Shell 8.0\bin\;C:\Users\alpay\AppData\Local\Programs\Python\Python310\Scripts\;C:\Users\alpay\AppData\Local\Programs\Python\Python310\;C:\Users\alpay\AppData\Local\Microsoft\WindowsApps;;C:\Program Files\JetBrains\PyCharm Community Edition 2021.2.2\bin;;C:\Users\alpay\AppData\Local\Programs\Microsoft VS Code\bin;C:\Users\alpay\.dotnet\tools;C:\Program Files\Azure Data Studio\bin
	ProgramW6432 = C:\Program Files
	PROCESSOR_IDENTIFIER = AMD64 Family 25 Model 80 Stepping 0, AuthenticAMD
	VBOX_MSI_INSTALL_PATH = E:\Program Files\Oracle\VirtualBox\
	TMP = C:\Users\alpay\AppData\Local\Temp
	PROCESSOR_ARCHITECTURE = AMD64
	PATHEXT = .COM;.EXE;.BAT;.CMD;.VBS;.VBE;.JS;.JSE;.WSF;.WSH;.MSC
	PyCharm Community Edition = C:\Program Files\JetBrains\PyCharm Community Edition 2021.2.2\bin;
	USERPROFILE = C:\Users\alpay
	PROCESSOR_REVISION = 5000
	TEMP = C:\Users\alpay\AppData\Local\Temp
	FPS_BROWSER_APP_PROFILE_STRING = Internet Explorer
	FPS_BROWSER_USER_PROFILE_STRING = Default
	LOGONSERVER = \\DESKTOP-L34K0N9
	USERNAME = alpay
	SystemRoot = C:\WINDOWS
	SW_SIM_HYDRA = C:\Program Files\Common Files\SolidWorks Shared\Simulation Worker Agent\
	OneDrive = C:\Users\alpay\OneDrive
	VS110COMNTOOLS = C:\Program Files (x86)\Microsoft Visual Studio 11.0\Common7\Tools\
	CommonProgramFiles = C:\Program Files\Common Files
	ProgramData = C:\ProgramData
	HOMEPATH = \Users\alpay
	COMPUTERNAME = DESKTOP-L34K0N9
	CommonProgramFiles(x86) = C:\Program Files (x86)\Common Files
	ALLUSERSPROFILE = C:\ProgramData
	CommonProgramW6432 = C:\Program Files\Common Files
	EFC_8984 = 1
	SW_SIM_MPIT = INTELMPI
	SESSIONNAME = Console
	DriverData = C:\Windows\System32\Drivers\DriverData
	HOMEDRIVE = C:
	windir = C:\WINDOWS
	NUMBER_OF_PROCESSORS = 16
	OS = Windows_NT
	ProgramFiles = C:\Program Files
	ComSpec = C:\WINDOWS\system32\cmd.exe
	AMDRMSDKPATH = C:\Program Files\AMD\RyzenMasterSDK\
	PSModulePath = C:\Program Files\WindowsPowerShell\Modules;C:\WINDOWS\system32\WindowsPowerShell\v1.0\Modules;C:\Program Files (x86)\Microsoft SQL Server\120\Tools\PowerShell\Modules\;C:\Program Files (x86)\Microsoft SQL Server\160\Tools\PowerShell\Modules\
	APPDATA = C:\Users\alpay\AppData\Roaming
	USERDOMAIN = DESKTOP-L34K0N9
	PROCESSOR_LEVEL = 25
	SW_SIM_TEMP = C:\ProgramData\SOLIDWORKS\SW_net_sim_temp\
	LOCALAPPDATA = C:\Users\alpay\AppData\Local
	USERDOMAIN_ROAMINGPROFILE = DESKTOP-L34K0N9
	PUBLIC = C:\Users\Public
23:38:14 [INF][      Workbench]: Current version given by meta info is: 8.0.32
23:38:14 [INF][      Workbench]: Setting PATH to: C:\WINDOWS\system32;C:\Program Files (x86)\NVIDIA Corporation\PhysX\Common;C:\Program Files (x86)\Common Files\Oracle\Java\javapath;C:\Windows\system32;C:\Windows;C:\Windows\System32\Wbem;C:\Windows\System32\WindowsPowerShell\v1.0\;C:\Windows\System32\OpenSSH\;C:\Program Files\NVIDIA Corporation\NVIDIA NvDLISR;C:\Program Files\Microsoft SQL Server\Client SDK\ODBC\110\Tools\Binn\;C:\Program Files (x86)\Microsoft SQL Server\120\Tools\Binn\;C:\Program Files\Microsoft SQL Server\120\Tools\Binn\;C:\Program Files\Microsoft SQL Server\120\DTS\Binn\;C:\Program Files (x86)\Windows Kits\8.1\Windows Performance Toolkit\;C:\Program Files\Microsoft\Web Platform Installer\;C:\Program Files (x86)\Microsoft ASP.NET\ASP.NET Web Pages\v1.0\;C:\Program Files (x86)\Windows Kits\8.0\Windows Performance Toolkit\;C:\Program Files\Microsoft SQL Server\110\Tools\Binn\;C:\WINDOWS\system32;C:\WINDOWS;C:\WINDOWS\System32\Wbem;C:\WINDOWS\System32\WindowsPowerShell\v1.0\;C:\WINDOWS\System32\OpenSSH\;C:\Program Files\dotnet\;C:\Program Files\Microsoft SQL Server\150\Tools\Binn\;C:\Program Files\Microsoft SQL Server\Client SDK\ODBC\170\Tools\Binn\;C:\Program Files (x86)\Microsoft SQL Server\160\Tools\Binn\;C:\Program Files\Microsoft SQL Server\160\Tools\Binn\;C:\Program Files\Microsoft SQL Server\160\DTS\Binn\;C:\Program Files (x86)\Microsoft SQL Server\160\DTS\Binn\;C:\Program Files\Azure Data Studio\bin;E:\Git\cmd;C:\Program Files\MySQL\MySQL Shell 8.0\bin\;C:\Users\alpay\AppData\Local\Microsoft\WindowsApps;;C:\Program Files\JetBrains\PyCharm Community Edition 2021.2.2\bin;;C:\Users\alpay\AppData\Local\Programs\Microsoft VS Code\bin;C:\Users\alpay\.dotnet\tools;C:\Program Files\Azure Data Studio\bin
23:38:14 [INF][ mforms managed]: Initializing mforms wrapper
23:38:14 [INF][   WBContext UI]: Initializing workbench context UI with these values:
	base dir: C:\Program Files\MySQL\MySQL Workbench 8.0
	plugin path: C:\Program Files\MySQL\MySQL Workbench 8.0
	struct path: 
	module path: C:\Program Files\MySQL\MySQL Workbench 8.0/modules
	library path: C:\Program Files\MySQL\MySQL Workbench 8.0
	user data dir: C:\Users\alpay\AppData\Roaming\MySQL\Workbench
	open at start: 
	open type: 
	run at startup: 
	run type: 
	Force SW rendering: No
	Force OpenGL: No
	quit when done: No
23:38:14 [INF][      WBContext]: WbContext::init
23:38:14 [INF][            WBA]: Looking for extension modules for WBA...
23:38:14 [INF][            WBA]: 0 extension modules found
23:38:14 [WRN][            grt]: Duplicate plugin name wb.tools.cmdlineClient	There is more than one plugin with the name wb.tools.cmdlineClient (in PyWbUtils and PyWbUtils).
23:38:14 [WRN][            grt]: C:\Users\alpay\AppData\Roaming\MySQL\Workbench\connections.xml:18: link '{B2FC94AC-6869-4F60-AFF5-09B756642034}' <object GrtObject> key=owner could not be resolved
23:38:14 [WRN][            grt]: Duplicate plugin name wb.tools.cmdlineClient	There is more than one plugin with the name wb.tools.cmdlineClient (in PyWbUtils and PyWbUtils).
23:38:15 [INF][      WBContext]: System info:
 	MySQL Workbench Community (GPL) for Windows version 8.0.32 CE build 2612062 (64 bit)
	Configuration Directory: C:\Users\alpay\AppData\Roaming\MySQL\Workbench
	Data Directory: C:\Program Files\MySQL\MySQL Workbench 8.0
	Cairo Version: 1.17.6
	OS: Microsoft Windows 10 Home
	CPU: 16x AMD Ryzen 7 5800H with Radeon Graphics         , 15.4 GiB RAM
	Active video adapter AMD Radeon(TM) Graphics
	Installed video RAM: 512 MB
	Current video mode: 1920 x 1080 x 4294967296 colors
	Used bit depth: 32
	Driver version: 30.0.14056.5001
	Installed display drivers: C:\WINDOWS\System32\DriverStore\FileRepository\u0380908.inf_amd64_3105c1702c47b731\B380794\aticfx64.dll,C:\WINDOWS\System32\DriverStore\FileRepository\u0380908.inf_amd64_3105c1702c47b731\B380794\aticfx64.dll,C:\WINDOWS\System32\DriverStore\FileRepository\u0380908.inf_amd64_3105c1702c47b731\B380794\aticfx64.dll,C:\WINDOWS\System32\DriverStore\FileRepository\u0380908.inf_amd64_3105c1702c47b731\B380794\amdxc64.dll
	Current user language: English (United States)

23:38:15 [INF][      Workbench]: UI is up
23:38:15 [INF][      Workbench]: Running the application
23:38:17 [INF][SQL Editor Form]: Opened connection 'Local instance MySQL80' to MySQL Community Server - GPL version 8.0.32
23:38:17 [INF][        WQE.net]: Launching SQL IDE
23:38:18 [INF][        WQE.net]: SQL IDE UI is ready
23:38:57 [INF][         Wizard]: Execute 'Prepare Import'
23:38:57 [INF][         Wizard]: Starting thread for 'Import data file'
23:39:36 [INF][         Wizard]: Execute 'Prepare Import'
23:39:36 [INF][         Wizard]: Starting thread for 'Import data file'
23:40:07 [INF][         Wizard]: Execute 'Prepare Import'
23:40:07 [INF][         Wizard]: Starting thread for 'Import data file'
23:40:46 [INF][         Wizard]: Execute 'Prepare Import'
23:40:46 [INF][         Wizard]: Starting thread for 'Import data file'
23:42:01 [INF][         Wizard]: Execute 'Prepare Import'
23:42:02 [INF][         Wizard]: Starting thread for 'Import data file'
23:43:02 [INF][         Wizard]: Execute 'Prepare Import'
23:43:02 [INF][         Wizard]: Starting thread for 'Import data file'
23:43:04 [ERR][sqlide_power_import_export_be.py:start_import:486]: Row import failed with error: ("Data truncated for column 'giniCoefficient' at row 1", 1265)Error Code: 1048. Column 'isoCode' cannot be null
23:44:10 [INF][         Wizard]: Execute 'Prepare Import'
23:44:10 [INF][         Wizard]: Starting thread for 'Import data file'
