19:42:27 [ERR][      Workbench]: Console redirection failed.
19:42:27 [INF][      Workbench]: Starting up Workbench
19:42:27 [INF][      Workbench]: Current environment:
	Command line: "C:\Program Files\MySQL\MySQL Workbench 8.0\MySQLWorkbench.exe" 
	CurrentDirectory: C:\Program Files\MySQL\MySQL Workbench 8.0
	HasShutdownStarted: False
	OSVersion: Microsoft Windows NT 6.2.9200.0
	SystemDirectory: C:\WINDOWS\system32
	TickCount: 712254890
	UserInteractive: True
	Version: 4.0.30319.42000
	WorkingSet: 42926080
19:42:27 [INF][      Workbench]: Environment variables:
	SystemDrive = C:
	ProgramFiles(x86) = C:\Program Files (x86)
	ProgramW6432 = C:\Program Files
	PROCESSOR_IDENTIFIER = AMD64 Family 25 Model 80 Stepping 0, AuthenticAMD
	VBOX_MSI_INSTALL_PATH = E:\Program Files\Oracle\VirtualBox\
	TMP = C:\Users\alpay\AppData\Local\Temp
	PROCESSOR_ARCHITECTURE = AMD64
	Path = C:\Program Files (x86)\NVIDIA Corporation\PhysX\Common;C:\Program Files (x86)\Common Files\Oracle\Java\javapath;C:\Windows\system32;C:\Windows;C:\Windows\System32\Wbem;C:\Windows\System32\WindowsPowerShell\v1.0\;C:\Windows\System32\OpenSSH\;C:\Program Files\NVIDIA Corporation\NVIDIA NvDLISR;C:\Program Files\Microsoft SQL Server\Client SDK\ODBC\110\Tools\Binn\;C:\Program Files (x86)\Microsoft SQL Server\120\Tools\Binn\;C:\Program Files\Microsoft SQL Server\120\Tools\Binn\;C:\Program Files\Microsoft SQL Server\120\DTS\Binn\;C:\Program Files (x86)\Windows Kits\8.1\Windows Performance Toolkit\;C:\Program Files\Microsoft\Web Platform Installer\;C:\Program Files (x86)\Microsoft ASP.NET\ASP.NET Web Pages\v1.0\;C:\Program Files (x86)\Windows Kits\8.0\Windows Performance Toolkit\;C:\Program Files\Microsoft SQL Server\110\Tools\Binn\;C:\WINDOWS\system32;C:\WINDOWS;C:\WINDOWS\System32\Wbem;C:\WINDOWS\System32\WindowsPowerShell\v1.0\;C:\WINDOWS\System32\OpenSSH\;C:\Program Files\dotnet\;C:\Program Files\Microsoft SQL Server\150\Tools\Binn\;C:\Program Files\Microsoft SQL Server\Client SDK\ODBC\170\Tools\Binn\;C:\Program Files (x86)\Microsoft SQL Server\160\Tools\Binn\;C:\Program Files\Microsoft SQL Server\160\Tools\Binn\;C:\Program Files\Microsoft SQL Server\160\DTS\Binn\;C:\Program Files (x86)\Microsoft SQL Server\160\DTS\Binn\;C:\Program Files\Azure Data Studio\bin;E:\Git\cmd;C:\Users\alpay\AppData\Roaming\Python\Python310\Scripts;C:\Program Files\MySQL\MySQL Shell 8.0\bin\;C:\Users\alpay\AppData\Local\Programs\Python\Python310\Scripts\;C:\Users\alpay\AppData\Local\Programs\Python\Python310\;C:\Users\alpay\AppData\Local\Microsoft\WindowsApps;;C:\Program Files\JetBrains\PyCharm Community Edition 2021.2.2\bin;;C:\Users\alpay\AppData\Local\Programs\Microsoft VS Code\bin;C:\Users\alpay\.dotnet\tools;C:\Program Files\Azure Data Studio\bin
	PyCharm Community Edition = C:\Program Files\JetBrains\PyCharm Community Edition 2021.2.2\bin;
	USERPROFILE = C:\Users\alpay
	PROCESSOR_REVISION = 5000
	TEMP = C:\Users\alpay\AppData\Local\Temp
	FPS_BROWSER_APP_PROFILE_STRING = Internet Explorer
	FPS_BROWSER_USER_PROFILE_STRING = Default
	LOGONSERVER = \\DESKTOP-L34K0N9
	USERNAME = alpay
	SystemRoot = C:\WINDOWS
	SW_SIM_HYDRA = C:\Program Files\Common Files\SolidWorks Shared\Simulation Worker Agent\
	OneDrive = C:\Users\alpay\OneDrive
	VS110COMNTOOLS = C:\Program Files (x86)\Microsoft Visual Studio 11.0\Common7\Tools\
	EFC_11304 = 1
	CommonProgramFiles(x86) = C:\Program Files (x86)\Common Files
	ProgramData = C:\ProgramData
	HOMEPATH = \Users\alpay
	COMPUTERNAME = DESKTOP-L34K0N9
	ALLUSERSPROFILE = C:\ProgramData
	CommonProgramW6432 = C:\Program Files\Common Files
	SW_SIM_MPIT = INTELMPI
	SESSIONNAME = Console
	CRAWLER_HOME = C:\Users\alpay\Desktop\TV_simulator
	DriverData = C:\Windows\System32\Drivers\DriverData
	HOMEDRIVE = C:
	windir = C:\WINDOWS
	NUMBER_OF_PROCESSORS = 16
	OS = Windows_NT
	ProgramFiles = C:\Program Files
	ComSpec = C:\WINDOWS\system32\cmd.exe
	AMDRMSDKPATH = C:\Program Files\AMD\RyzenMasterSDK\
	PATHEXT = .COM;.EXE;.BAT;.CMD;.VBS;.VBE;.JS;.JSE;.WSF;.WSH;.MSC
	PSModulePath = C:\Program Files\WindowsPowerShell\Modules;C:\WINDOWS\system32\WindowsPowerShell\v1.0\Modules;C:\Program Files (x86)\Microsoft SQL Server\120\Tools\PowerShell\Modules\;C:\Program Files (x86)\Microsoft SQL Server\160\Tools\PowerShell\Modules\
	APPDATA = C:\Users\alpay\AppData\Roaming
	USERDOMAIN = DESKTOP-L34K0N9
	PROCESSOR_LEVEL = 25
	SW_SIM_TEMP = C:\ProgramData\SOLIDWORKS\SW_net_sim_temp\
	LOCALAPPDATA = C:\Users\alpay\AppData\Local
	USERDOMAIN_ROAMINGPROFILE = DESKTOP-L34K0N9
	PUBLIC = C:\Users\Public
	CommonProgramFiles = C:\Program Files\Common Files
19:42:27 [INF][      Workbench]: Current version given by meta info is: 8.0.32
19:42:27 [INF][      Workbench]: Setting PATH to: C:\WINDOWS\system32;C:\Program Files (x86)\NVIDIA Corporation\PhysX\Common;C:\Program Files (x86)\Common Files\Oracle\Java\javapath;C:\Windows\system32;C:\Windows;C:\Windows\System32\Wbem;C:\Windows\System32\WindowsPowerShell\v1.0\;C:\Windows\System32\OpenSSH\;C:\Program Files\NVIDIA Corporation\NVIDIA NvDLISR;C:\Program Files\Microsoft SQL Server\Client SDK\ODBC\110\Tools\Binn\;C:\Program Files (x86)\Microsoft SQL Server\120\Tools\Binn\;C:\Program Files\Microsoft SQL Server\120\Tools\Binn\;C:\Program Files\Microsoft SQL Server\120\DTS\Binn\;C:\Program Files (x86)\Windows Kits\8.1\Windows Performance Toolkit\;C:\Program Files\Microsoft\Web Platform Installer\;C:\Program Files (x86)\Microsoft ASP.NET\ASP.NET Web Pages\v1.0\;C:\Program Files (x86)\Windows Kits\8.0\Windows Performance Toolkit\;C:\Program Files\Microsoft SQL Server\110\Tools\Binn\;C:\WINDOWS\system32;C:\WINDOWS;C:\WINDOWS\System32\Wbem;C:\WINDOWS\System32\WindowsPowerShell\v1.0\;C:\WINDOWS\System32\OpenSSH\;C:\Program Files\dotnet\;C:\Program Files\Microsoft SQL Server\150\Tools\Binn\;C:\Program Files\Microsoft SQL Server\Client SDK\ODBC\170\Tools\Binn\;C:\Program Files (x86)\Microsoft SQL Server\160\Tools\Binn\;C:\Program Files\Microsoft SQL Server\160\Tools\Binn\;C:\Program Files\Microsoft SQL Server\160\DTS\Binn\;C:\Program Files (x86)\Microsoft SQL Server\160\DTS\Binn\;C:\Program Files\Azure Data Studio\bin;E:\Git\cmd;C:\Program Files\MySQL\MySQL Shell 8.0\bin\;C:\Users\alpay\AppData\Local\Microsoft\WindowsApps;;C:\Program Files\JetBrains\PyCharm Community Edition 2021.2.2\bin;;C:\Users\alpay\AppData\Local\Programs\Microsoft VS Code\bin;C:\Users\alpay\.dotnet\tools;C:\Program Files\Azure Data Studio\bin
19:42:27 [INF][ mforms managed]: Initializing mforms wrapper
19:42:27 [INF][   WBContext UI]: Initializing workbench context UI with these values:
	base dir: C:\Program Files\MySQL\MySQL Workbench 8.0
	plugin path: C:\Program Files\MySQL\MySQL Workbench 8.0
	struct path: 
	module path: C:\Program Files\MySQL\MySQL Workbench 8.0/modules
	library path: C:\Program Files\MySQL\MySQL Workbench 8.0
	user data dir: C:\Users\alpay\AppData\Roaming\MySQL\Workbench
	open at start: 
	open type: 
	run at startup: 
	run type: 
	Force SW rendering: No
	Force OpenGL: No
	quit when done: No
19:42:27 [INF][      WBContext]: WbContext::init
19:42:27 [INF][            WBA]: Looking for extension modules for WBA...
19:42:27 [INF][            WBA]: 0 extension modules found
19:42:27 [WRN][            grt]: Duplicate plugin name wb.tools.cmdlineClient	There is more than one plugin with the name wb.tools.cmdlineClient (in PyWbUtils and PyWbUtils).
19:42:27 [WRN][            grt]: C:\Users\alpay\AppData\Roaming\MySQL\Workbench\connections.xml:27: link '{1EB90A9E-82FB-4A3A-898B-98364358220F}' <object GrtObject> key=owner could not be resolved
19:42:27 [WRN][            grt]: Duplicate plugin name wb.tools.cmdlineClient	There is more than one plugin with the name wb.tools.cmdlineClient (in PyWbUtils and PyWbUtils).
19:42:27 [INF][      WBContext]: System info:
 	MySQL Workbench Community (GPL) for Windows version 8.0.32 CE build 2612062 (64 bit)
	Configuration Directory: C:\Users\alpay\AppData\Roaming\MySQL\Workbench
	Data Directory: C:\Program Files\MySQL\MySQL Workbench 8.0
	Cairo Version: 1.17.6
	OS: Microsoft Windows 10 Home
	CPU: 16x AMD Ryzen 7 5800H with Radeon Graphics         , 15.4 GiB RAM
	Active video adapter NVIDIA GeForce RTX 3060 Laptop GPU
	Installed video RAM: -1 MB
	Current video mode: 1920 x 1080 x 4294967296 colors
	Used bit depth: 32
	Driver version: 31.0.15.3118
	Installed display drivers: C:\WINDOWS\System32\DriverStore\FileRepository\nvhmi.inf_amd64_5f5af535a7a77378\nvldumdx.dll,C:\WINDOWS\System32\DriverStore\FileRepository\nvhmi.inf_amd64_5f5af535a7a77378\nvldumdx.dll,C:\WINDOWS\System32\DriverStore\FileRepository\nvhmi.inf_amd64_5f5af535a7a77378\nvldumdx.dll,C:\WINDOWS\System32\DriverStore\FileRepository\nvhmi.inf_amd64_5f5af535a7a77378\nvldumdx.dll
	Current user language: English (United States)

19:42:28 [INF][      Workbench]: UI is up
19:42:28 [INF][      Workbench]: Running the application
19:42:29 [INF][SQL Editor Form]: Opened connection 'Local instance MySQL80' to MySQL Community Server - GPL version 8.0.32
19:42:30 [INF][        WQE.net]: Launching SQL IDE
19:42:33 [INF][        WQE.net]: SQL IDE UI is ready
19:44:22 [ERR][SQL Editor Form]: Error Code: 3819. Check constraint 'check_lifeSat' is violated.
19:44:33 [ERR][SQL Editor Form]: Error Code: 3819. Check constraint 'check_generalprevalence' is violated.
