16:15:30 [ERR][      Workbench]: Console redirection failed.
16:15:30 [INF][      Workbench]: Starting up Workbench
16:15:30 [INF][      Workbench]: Current environment:
	Command line: "C:\Program Files\MySQL\MySQL Workbench 8.0\MySQLWorkbench.exe" 
	CurrentDirectory: C:\Program Files\MySQL\MySQL Workbench 8.0
	HasShutdownStarted: False
	OSVersion: Microsoft Windows NT 6.2.9200.0
	SystemDirectory: C:\WINDOWS\system32
	TickCount: 699837531
	UserInteractive: True
	Version: 4.0.30319.42000
	WorkingSet: 42844160
16:15:30 [INF][      Workbench]: Environment variables:
	SystemDrive = C:
	ProgramFiles(x86) = C:\Program Files (x86)
	ProgramW6432 = C:\Program Files
	PROCESSOR_IDENTIFIER = AMD64 Family 25 Model 80 Stepping 0, AuthenticAMD
	VBOX_MSI_INSTALL_PATH = E:\Program Files\Oracle\VirtualBox\
	TMP = C:\Users\alpay\AppData\Local\Temp
	PROCESSOR_ARCHITECTURE = AMD64
	Path = C:\Program Files (x86)\NVIDIA Corporation\PhysX\Common;C:\Program Files (x86)\Common Files\Oracle\Java\javapath;C:\Windows\system32;C:\Windows;C:\Windows\System32\Wbem;C:\Windows\System32\WindowsPowerShell\v1.0\;C:\Windows\System32\OpenSSH\;C:\Program Files\NVIDIA Corporation\NVIDIA NvDLISR;C:\Program Files\Microsoft SQL Server\Client SDK\ODBC\110\Tools\Binn\;C:\Program Files (x86)\Microsoft SQL Server\120\Tools\Binn\;C:\Program Files\Microsoft SQL Server\120\Tools\Binn\;C:\Program Files\Microsoft SQL Server\120\DTS\Binn\;C:\Program Files (x86)\Windows Kits\8.1\Windows Performance Toolkit\;C:\Program Files\Microsoft\Web Platform Installer\;C:\Program Files (x86)\Microsoft ASP.NET\ASP.NET Web Pages\v1.0\;C:\Program Files (x86)\Windows Kits\8.0\Windows Performance Toolkit\;C:\Program Files\Microsoft SQL Server\110\Tools\Binn\;C:\WINDOWS\system32;C:\WINDOWS;C:\WINDOWS\System32\Wbem;C:\WINDOWS\System32\WindowsPowerShell\v1.0\;C:\WINDOWS\System32\OpenSSH\;C:\Program Files\dotnet\;C:\Program Files\Microsoft SQL Server\150\Tools\Binn\;C:\Program Files\Microsoft SQL Server\Client SDK\ODBC\170\Tools\Binn\;C:\Program Files (x86)\Microsoft SQL Server\160\Tools\Binn\;C:\Program Files\Microsoft SQL Server\160\Tools\Binn\;C:\Program Files\Microsoft SQL Server\160\DTS\Binn\;C:\Program Files (x86)\Microsoft SQL Server\160\DTS\Binn\;C:\Program Files\Azure Data Studio\bin;E:\Git\cmd;C:\Users\alpay\AppData\Roaming\Python\Python310\Scripts;C:\Program Files\MySQL\MySQL Shell 8.0\bin\;C:\Users\alpay\AppData\Local\Programs\Python\Python310\Scripts\;C:\Users\alpay\AppData\Local\Programs\Python\Python310\;C:\Users\alpay\AppData\Local\Microsoft\WindowsApps;;C:\Program Files\JetBrains\PyCharm Community Edition 2021.2.2\bin;;C:\Users\alpay\AppData\Local\Programs\Microsoft VS Code\bin;C:\Users\alpay\.dotnet\tools;C:\Program Files\Azure Data Studio\bin
	PyCharm Community Edition = C:\Program Files\JetBrains\PyCharm Community Edition 2021.2.2\bin;
	USERPROFILE = C:\Users\alpay
	PROCESSOR_REVISION = 5000
	TEMP = C:\Users\alpay\AppData\Local\Temp
	FPS_BROWSER_APP_PROFILE_STRING = Internet Explorer
	FPS_BROWSER_USER_PROFILE_STRING = Default
	LOGONSERVER = \\DESKTOP-L34K0N9
	USERNAME = alpay
	SystemRoot = C:\WINDOWS
	SW_SIM_HYDRA = C:\Program Files\Common Files\SolidWorks Shared\Simulation Worker Agent\
	OneDrive = C:\Users\alpay\OneDrive
	VS110COMNTOOLS = C:\Program Files (x86)\Microsoft Visual Studio 11.0\Common7\Tools\
	EFC_11304 = 1
	CommonProgramFiles(x86) = C:\Program Files (x86)\Common Files
	ProgramData = C:\ProgramData
	HOMEPATH = \Users\alpay
	COMPUTERNAME = DESKTOP-L34K0N9
	ALLUSERSPROFILE = C:\ProgramData
	CommonProgramW6432 = C:\Program Files\Common Files
	SW_SIM_MPIT = INTELMPI
	SESSIONNAME = Console
	CRAWLER_HOME = C:\Users\alpay\Desktop\TV_simulator
	DriverData = C:\Windows\System32\Drivers\DriverData
	HOMEDRIVE = C:
	windir = C:\WINDOWS
	NUMBER_OF_PROCESSORS = 16
	OS = Windows_NT
	ProgramFiles = C:\Program Files
	ComSpec = C:\WINDOWS\system32\cmd.exe
	AMDRMSDKPATH = C:\Program Files\AMD\RyzenMasterSDK\
	PATHEXT = .COM;.EXE;.BAT;.CMD;.VBS;.VBE;.JS;.JSE;.WSF;.WSH;.MSC
	PSModulePath = C:\Program Files\WindowsPowerShell\Modules;C:\WINDOWS\system32\WindowsPowerShell\v1.0\Modules;C:\Program Files (x86)\Microsoft SQL Server\120\Tools\PowerShell\Modules\;C:\Program Files (x86)\Microsoft SQL Server\160\Tools\PowerShell\Modules\
	APPDATA = C:\Users\alpay\AppData\Roaming
	USERDOMAIN = DESKTOP-L34K0N9
	PROCESSOR_LEVEL = 25
	SW_SIM_TEMP = C:\ProgramData\SOLIDWORKS\SW_net_sim_temp\
	LOCALAPPDATA = C:\Users\alpay\AppData\Local
	USERDOMAIN_ROAMINGPROFILE = DESKTOP-L34K0N9
	PUBLIC = C:\Users\Public
	CommonProgramFiles = C:\Program Files\Common Files
16:15:30 [INF][      Workbench]: Current version given by meta info is: 8.0.32
16:15:30 [INF][      Workbench]: Setting PATH to: C:\WINDOWS\system32;C:\Program Files (x86)\NVIDIA Corporation\PhysX\Common;C:\Program Files (x86)\Common Files\Oracle\Java\javapath;C:\Windows\system32;C:\Windows;C:\Windows\System32\Wbem;C:\Windows\System32\WindowsPowerShell\v1.0\;C:\Windows\System32\OpenSSH\;C:\Program Files\NVIDIA Corporation\NVIDIA NvDLISR;C:\Program Files\Microsoft SQL Server\Client SDK\ODBC\110\Tools\Binn\;C:\Program Files (x86)\Microsoft SQL Server\120\Tools\Binn\;C:\Program Files\Microsoft SQL Server\120\Tools\Binn\;C:\Program Files\Microsoft SQL Server\120\DTS\Binn\;C:\Program Files (x86)\Windows Kits\8.1\Windows Performance Toolkit\;C:\Program Files\Microsoft\Web Platform Installer\;C:\Program Files (x86)\Microsoft ASP.NET\ASP.NET Web Pages\v1.0\;C:\Program Files (x86)\Windows Kits\8.0\Windows Performance Toolkit\;C:\Program Files\Microsoft SQL Server\110\Tools\Binn\;C:\WINDOWS\system32;C:\WINDOWS;C:\WINDOWS\System32\Wbem;C:\WINDOWS\System32\WindowsPowerShell\v1.0\;C:\WINDOWS\System32\OpenSSH\;C:\Program Files\dotnet\;C:\Program Files\Microsoft SQL Server\150\Tools\Binn\;C:\Program Files\Microsoft SQL Server\Client SDK\ODBC\170\Tools\Binn\;C:\Program Files (x86)\Microsoft SQL Server\160\Tools\Binn\;C:\Program Files\Microsoft SQL Server\160\Tools\Binn\;C:\Program Files\Microsoft SQL Server\160\DTS\Binn\;C:\Program Files (x86)\Microsoft SQL Server\160\DTS\Binn\;C:\Program Files\Azure Data Studio\bin;E:\Git\cmd;C:\Program Files\MySQL\MySQL Shell 8.0\bin\;C:\Users\alpay\AppData\Local\Microsoft\WindowsApps;;C:\Program Files\JetBrains\PyCharm Community Edition 2021.2.2\bin;;C:\Users\alpay\AppData\Local\Programs\Microsoft VS Code\bin;C:\Users\alpay\.dotnet\tools;C:\Program Files\Azure Data Studio\bin
16:15:30 [INF][ mforms managed]: Initializing mforms wrapper
16:15:30 [INF][   WBContext UI]: Initializing workbench context UI with these values:
	base dir: C:\Program Files\MySQL\MySQL Workbench 8.0
	plugin path: C:\Program Files\MySQL\MySQL Workbench 8.0
	struct path: 
	module path: C:\Program Files\MySQL\MySQL Workbench 8.0/modules
	library path: C:\Program Files\MySQL\MySQL Workbench 8.0
	user data dir: C:\Users\alpay\AppData\Roaming\MySQL\Workbench
	open at start: 
	open type: 
	run at startup: 
	run type: 
	Force SW rendering: No
	Force OpenGL: No
	quit when done: No
16:15:30 [INF][      WBContext]: WbContext::init
16:15:30 [INF][            WBA]: Looking for extension modules for WBA...
16:15:30 [INF][            WBA]: 0 extension modules found
16:15:30 [WRN][            grt]: Duplicate plugin name wb.tools.cmdlineClient	There is more than one plugin with the name wb.tools.cmdlineClient (in PyWbUtils and PyWbUtils).
16:15:30 [WRN][            grt]: C:\Users\alpay\AppData\Roaming\MySQL\Workbench\connections.xml:27: link '{71ECD533-75E7-44DF-9399-2E26CDBB69FE}' <object GrtObject> key=owner could not be resolved
16:15:30 [WRN][            grt]: Duplicate plugin name wb.tools.cmdlineClient	There is more than one plugin with the name wb.tools.cmdlineClient (in PyWbUtils and PyWbUtils).
16:15:31 [INF][      WBContext]: System info:
 	MySQL Workbench Community (GPL) for Windows version 8.0.32 CE build 2612062 (64 bit)
	Configuration Directory: C:\Users\alpay\AppData\Roaming\MySQL\Workbench
	Data Directory: C:\Program Files\MySQL\MySQL Workbench 8.0
	Cairo Version: 1.17.6
	OS: Microsoft Windows 10 Home
	CPU: 16x AMD Ryzen 7 5800H with Radeon Graphics         , 15.4 GiB RAM
	Active video adapter NVIDIA GeForce RTX 3060 Laptop GPU
	Installed video RAM: -1 MB
	Current video mode: 1920 x 1080 x 4294967296 colors
	Used bit depth: 32
	Driver version: 31.0.15.3118
	Installed display drivers: C:\WINDOWS\System32\DriverStore\FileRepository\nvhmi.inf_amd64_5f5af535a7a77378\nvldumdx.dll,C:\WINDOWS\System32\DriverStore\FileRepository\nvhmi.inf_amd64_5f5af535a7a77378\nvldumdx.dll,C:\WINDOWS\System32\DriverStore\FileRepository\nvhmi.inf_amd64_5f5af535a7a77378\nvldumdx.dll,C:\WINDOWS\System32\DriverStore\FileRepository\nvhmi.inf_amd64_5f5af535a7a77378\nvldumdx.dll
	Current user language: English (United States)

16:15:31 [INF][      Workbench]: UI is up
16:15:31 [INF][      Workbench]: Running the application
16:15:43 [INF][SQL Editor Form]: Opened connection 'Local instance MySQL80' to MySQL Community Server - GPL version 8.0.32
16:15:44 [INF][        WQE.net]: Launching SQL IDE
16:15:47 [INF][        WQE.net]: SQL IDE UI is ready
16:16:14 [WRN][SQL Editor Form]: 0 row(s) affected, 1 warning(s):
1051 Unknown table 'step3.suicide'
16:16:14 [WRN][SQL Editor Form]: 0 row(s) affected, 1 warning(s):
1051 Unknown table 'step3.countrieshavefinancialstatus'
16:16:14 [WRN][SQL Editor Form]: 0 row(s) affected, 1 warning(s):
1051 Unknown table 'step3.havingpeoplewithmentaldisorders'
16:16:14 [WRN][SQL Editor Form]: 0 row(s) affected, 1 warning(s):
1051 Unknown table 'step3.alcoholanddrugdisorder'
16:16:14 [WRN][SQL Editor Form]: 0 row(s) affected, 1 warning(s):
1051 Unknown table 'step3.countriespossesslifeparametrics'
16:16:14 [WRN][SQL Editor Form]: 0 row(s) affected, 1 warning(s):
1051 Unknown table 'step3.countries'
16:16:14 [WRN][SQL Editor Form]: 0 row(s) affected, 1 warning(s):
1051 Unknown table 'step3.continents'
16:16:14 [WRN][SQL Editor Form]: 6090 row(s) affected, 88 warning(s):
1265 Data truncated for column 'mentalDisordersPrevalence' at row 1141
1265 Data truncated for column 'mentalDisordersPrevalence' at row 1142
1265 Data truncated for column 'mentalDisordersPrevalence' at row 1143
1265 Data truncated for column 'mentalDisordersPrevalence' at row 1144
1265 Data truncated for column 'mentalDisordersPrevalence' at row 1145
1265 Data truncated for column 'mentalDisordersPrevalence' at row 1146
1265 Data truncated for column 'mentalDisordersPrevalence' at row 1147
1265 Data truncated for column 'mentalDisordersPrevalence' at row 1148
1265 Data truncated for column 'mentalDisordersPrevalence' at row 1149
1265 Data truncated for column 'mentalDisordersPrevalence' at row 1150
1265 Data truncated for column 'mentalDisordersPrevalence' at row 1151
1265 Data truncated for column 'mentalDisordersPrevalence' at row 1152
1265 Data truncated for column 'mentalDisordersPrevalence' at row 1153
1265 Data truncated for column 'mentalDisordersPrevalence' at row 1154
1265 Data truncated for column 'mentalDisordersPrevalence' at row 1155
1265 Data truncated for column 'mentalDisordersPrevalence' at row 1156
1265 Data truncated for column 'mentalDisordersPrevalence' at row 1157
1265 Data truncated for column 'mentalDisordersPrevalence' at row 1158
1265 Data truncated for column 'mentalDisordersPrevalence' at row 1159
1265 Data truncated for column 'mentalDisordersPrevalence' at row 1160
1265 Data truncated for column 'mentalDisordersPrevalence' at row 1161
1265 Data truncated for column 'mentalDisordersPrevalence' at row 1162
1265 Data truncated for column 'mentalDisordersPrevalence' at row 1163
1265 Data truncated for column 'mentalDisordersPrevalence' at row 1164
1265 Data truncated for column 'mentalDisordersPrevalence' at row 1165
1265 Data truncated for column 'mentalDisordersPrevalence' at row 1166
1265 Data truncated for column 'mentalDisordersPrevalence' at row 1167
1265 Data truncated for column 'mentalDisordersPrevalence' at row 1168
1265 Data truncated for column 'mentalDisordersPrevalence' at row 4831
1265 Data truncated for column 'mentalDisordersPrevalence' at row 4832
1265 Data truncated for column 'mentalDisordersPrevalence' at row 4833
1265 Data truncated for column 'mentalDisordersPrevalence' at row 4834
1265 Data truncated for column 'mentalDisordersPrevalence' at row 4835
1265 Data truncated for column 'mentalDisordersPrevalence' at row 4836
1265 Data truncated for column 'mentalDisordersPrevalence' at row 4837
1265 Data truncated for column 'mentalDisordersPrevalence' at row 4838
1265 Data truncated for column 'mentalDisordersPrevalence' at row 4839
1265 Data truncated for column 'mentalDisordersPrevalence' at row 4840
1265 Data truncated for column 'mentalDisordersPrevalence' at row 4841
1265 Data truncated for column 'mentalDisordersPrevalence' at row 4842
1265 Data truncated for column 'mentalDisordersPrevalence' at row 4843
1265 Data truncated for column 'mentalDisordersPrevalence' at row 4844
1265 Data truncated for column 'mentalDisordersPrevalence' at row 4845
1265 Data truncated for column 'mentalDisordersPrevalence' at row 4846
1265 Data truncated for column 'mentalDisordersPrevalence' at row 4847
1265 Data truncated for column 'mentalDisordersPrevalence' at row 4848
1265 Data truncated for column 'mentalDisordersPrevalence' at row 4849
1265 Data truncated for column 'mentalDisordersPrevalence' at row 4850
1265 Data truncated for column 'mentalDisordersPrevalence' at row 4851
1265 Data truncated for column 'mentalDisordersPrevalence' at row 4852
1265 Data truncated for column 'mentalDisordersPrevalence' at row 4853
1265 Data truncated for column 'mentalDisordersPrevalence' at row 4854
1265 Data truncated for column 'mentalDisordersPrevalence' at row 4855
1265 Data truncated for column 'mentalDisordersPrevalence' at row 4856
1265 Data truncated for column 'mentalDisordersPrevalence' at row 4857
1265 Data truncated for column 'mentalDisordersPrevalence' at row 4858
1265 Data truncated for column 'mentalDisordersPrevalence' at row 4859
1265 Data truncated for column 'mentalDisordersPrevalence' at row 4860
1265 Data truncated for column 'mentalDisordersPrevalence' at row 5011
1265 Data truncated for column 'mentalDisordersPrevalence' at row 5012
1265 Data truncated for column 'mentalDisordersPrevalence' at row 5013
1265 Data truncated for column 'mentalDisordersPrevalence' at row 5014
1265 Data truncated for column 'mentalDisordersPrevalence' at row 5015
1265 Data truncated for column 'mentalDisordersPrevalence' at row 5016
1265 Data truncated for column 'mentalDisordersPrevalence' at row 5017
1265 Data truncated for column 'mentalDisordersPrevalence' at row 5018
1265 Data truncated for column 'mentalDisordersPrevalence' at row 5019
1265 Data truncated for column 'mentalDisordersPrevalence' at row 5020
1265 Data truncated for column 'mentalDisordersPrevalence' at row 5021
1265 Data truncated for column 'mentalDisordersPrevalence' at row 5022
1265 Data truncated for column 'mentalDisordersPrevalence' at row 5023
1265 Data truncated for column 'mentalDisordersPrevalence' at row 5024
1265 Data truncated for column 'mentalDisordersPrevalence' at row 5025
1265 Data truncated for column 'mentalDisordersPrevalence' at row 5026
1265 Data truncated for column 'mentalDisordersPrevalence' at row 5027
1265 Data truncated for column 'mentalDisordersPrevalence' at row 5028
1265 Data truncated for column 'mentalDisordersPrevalence' at row 5029
1265 Data truncated for column 'mentalDisordersPrevalence' at row 5030
1265 Data truncated for column 'mentalDisordersPrevalence' at row 5031
1265 Data truncated for column 'mentalDisordersPrevalence' at row 5032
1265 Data truncated for column 'mentalDisordersPrevalence' at row 5033
1265 Data truncated for column 'mentalDisordersPrevalence' at row 5034
1265 Data truncated for column 'mentalDisordersPrevalence' at row 5035
1265 Data truncated for column 'mentalDisordersPrevalence' at row 5036
1265 Data truncated for column 'mentalDisordersPrevalence' at row 5037
1265 Data truncated for column 'mentalDisordersPrevalence' at row 5038
1265 Data truncated for column 'mentalDisordersPrevalence' at row 5039
1265 Data truncated for column 'mentalDisordersPrevalence' at row 5040
Records: 6090  Deleted: 0  Skipped: 0  Warnings: 88
16:17:06 [ERR][SQL Editor Form]: Error Code: 3819. Check constraint 'check_lifeSat' is violated.
16:17:23 [ERR][SQL Editor Form]: Error Code: 3819. Check constraint 'check_generalprevalence' is violated.
